  [1m[35m (0.1ms)[0m  [1m[34mSELECT sqlite_version(*)[0m
  ↳ /Users/davidstewart/.rvm/gems/ruby-2.6.1/bin/rake:23
  [1m[35m (1.6ms)[0m  [1m[35mCREATE TABLE "schema_migrations" ("version" varchar NOT NULL PRIMARY KEY)[0m
  ↳ /Users/davidstewart/.rvm/gems/ruby-2.6.1/bin/rake:23
  [1m[35m (1.3ms)[0m  [1m[35mCREATE TABLE "ar_internal_metadata" ("key" varchar NOT NULL PRIMARY KEY, "value" varchar, "created_at" datetime NOT NULL, "updated_at" datetime NOT NULL)[0m
  ↳ /Users/davidstewart/.rvm/gems/ruby-2.6.1/bin/rake:23
  [1m[35m (0.1ms)[0m  [1m[34mSELECT "schema_migrations"."version" FROM "schema_migrations" ORDER BY "schema_migrations"."version" ASC[0m
  ↳ /Users/davidstewart/.rvm/gems/ruby-2.6.1/bin/rake:23
Migrating to CreateCompanies (20190915005238)
  [1m[35m (0.0ms)[0m  [1m[36mbegin transaction[0m
  ↳ /Users/davidstewart/.rvm/gems/ruby-2.6.1/bin/rake:23
  [1m[35m (0.3ms)[0m  [1m[35mCREATE TABLE "companies" ("id" integer PRIMARY KEY AUTOINCREMENT NOT NULL, "name" varchar, "address" varchar, "phone_number" varchar, "created_at" datetime NOT NULL, "updated_at" datetime NOT NULL)[0m
  ↳ db/migrate/20190915005238_create_companies.rb:3
  [1m[36mActiveRecord::SchemaMigration Create (0.1ms)[0m  [1m[32mINSERT INTO "schema_migrations" ("version") VALUES (?)[0m  [["version", "20190915005238"]]
  ↳ /Users/davidstewart/.rvm/gems/ruby-2.6.1/bin/rake:23
  [1m[35m (0.9ms)[0m  [1m[36mcommit transaction[0m
  ↳ /Users/davidstewart/.rvm/gems/ruby-2.6.1/bin/rake:23
Migrating to CreateCustomers (20190915005242)
  [1m[35m (0.0ms)[0m  [1m[36mbegin transaction[0m
  ↳ /Users/davidstewart/.rvm/gems/ruby-2.6.1/bin/rake:23
  [1m[35m (0.4ms)[0m  [1m[35mCREATE TABLE "customers" ("id" integer PRIMARY KEY AUTOINCREMENT NOT NULL, "name" varchar, "phone_number" varchar, "address" varchar, "company_id" integer, "created_at" datetime NOT NULL, "updated_at" datetime NOT NULL, CONSTRAINT "fk_rails_ef51a916ef"
FOREIGN KEY ("company_id")
  REFERENCES "companies" ("id")
)[0m
  ↳ db/migrate/20190915005242_create_customers.rb:3
  [1m[35m (0.1ms)[0m  [1m[35mCREATE  INDEX "index_customers_on_company_id" ON "customers" ("company_id")[0m
  ↳ db/migrate/20190915005242_create_customers.rb:3
  [1m[36mActiveRecord::SchemaMigration Create (0.2ms)[0m  [1m[32mINSERT INTO "schema_migrations" ("version") VALUES (?)[0m  [["version", "20190915005242"]]
  ↳ /Users/davidstewart/.rvm/gems/ruby-2.6.1/bin/rake:23
  [1m[35m (0.8ms)[0m  [1m[36mcommit transaction[0m
  ↳ /Users/davidstewart/.rvm/gems/ruby-2.6.1/bin/rake:23
Migrating to CreateEquipment (20190915005248)
  [1m[35m (0.0ms)[0m  [1m[36mbegin transaction[0m
  ↳ /Users/davidstewart/.rvm/gems/ruby-2.6.1/bin/rake:23
  [1m[35m (0.3ms)[0m  [1m[35mCREATE TABLE "equipment" ("id" integer PRIMARY KEY AUTOINCREMENT NOT NULL, "name" varchar, "rental_company" varchar, "make" varchar, "machine_type" varchar, "rental_rate_day" float, "company_id" integer, "created_at" datetime NOT NULL, "updated_at" datetime NOT NULL, CONSTRAINT "fk_rails_a4b33024c8"
FOREIGN KEY ("company_id")
  REFERENCES "companies" ("id")
)[0m
  ↳ db/migrate/20190915005248_create_equipment.rb:3
  [1m[35m (0.1ms)[0m  [1m[35mCREATE  INDEX "index_equipment_on_company_id" ON "equipment" ("company_id")[0m
  ↳ db/migrate/20190915005248_create_equipment.rb:3
  [1m[36mActiveRecord::SchemaMigration Create (0.1ms)[0m  [1m[32mINSERT INTO "schema_migrations" ("version") VALUES (?)[0m  [["version", "20190915005248"]]
  ↳ /Users/davidstewart/.rvm/gems/ruby-2.6.1/bin/rake:23
  [1m[35m (0.9ms)[0m  [1m[36mcommit transaction[0m
  ↳ /Users/davidstewart/.rvm/gems/ruby-2.6.1/bin/rake:23
Migrating to CreateRentals (20190915005253)
  [1m[35m (0.0ms)[0m  [1m[36mbegin transaction[0m
  ↳ /Users/davidstewart/.rvm/gems/ruby-2.6.1/bin/rake:23
  [1m[35m (0.4ms)[0m  [1m[35mCREATE TABLE "rentals" ("id" integer PRIMARY KEY AUTOINCREMENT NOT NULL, "customer_id" integer, "equipment_id" integer, "rental_duration" integer, "project_name" varchar, "created_at" datetime NOT NULL, "updated_at" datetime NOT NULL)[0m
  ↳ db/migrate/20190915005253_create_rentals.rb:3
  [1m[35m (0.1ms)[0m  [1m[35mCREATE  INDEX "index_rentals_on_customer_id" ON "rentals" ("customer_id")[0m
  ↳ db/migrate/20190915005253_create_rentals.rb:3
  [1m[35m (0.1ms)[0m  [1m[35mCREATE  INDEX "index_rentals_on_equipment_id" ON "rentals" ("equipment_id")[0m
  ↳ db/migrate/20190915005253_create_rentals.rb:3
  [1m[36mActiveRecord::SchemaMigration Create (0.1ms)[0m  [1m[32mINSERT INTO "schema_migrations" ("version") VALUES (?)[0m  [["version", "20190915005253"]]
  ↳ /Users/davidstewart/.rvm/gems/ruby-2.6.1/bin/rake:23
  [1m[35m (0.9ms)[0m  [1m[36mcommit transaction[0m
  ↳ /Users/davidstewart/.rvm/gems/ruby-2.6.1/bin/rake:23
Migrating to CreateSessions (20190915005257)
  [1m[35m (0.1ms)[0m  [1m[36mbegin transaction[0m
  ↳ /Users/davidstewart/.rvm/gems/ruby-2.6.1/bin/rake:23
  [1m[35m (0.4ms)[0m  [1m[35mCREATE TABLE "sessions" ("id" integer PRIMARY KEY AUTOINCREMENT NOT NULL, "created_at" datetime NOT NULL, "updated_at" datetime NOT NULL)[0m
  ↳ db/migrate/20190915005257_create_sessions.rb:3
  [1m[36mActiveRecord::SchemaMigration Create (0.1ms)[0m  [1m[32mINSERT INTO "schema_migrations" ("version") VALUES (?)[0m  [["version", "20190915005257"]]
  ↳ /Users/davidstewart/.rvm/gems/ruby-2.6.1/bin/rake:23
  [1m[35m (0.8ms)[0m  [1m[36mcommit transaction[0m
  ↳ /Users/davidstewart/.rvm/gems/ruby-2.6.1/bin/rake:23
Migrating to CreateUsers (20190915005301)
  [1m[35m (0.0ms)[0m  [1m[36mbegin transaction[0m
  ↳ /Users/davidstewart/.rvm/gems/ruby-2.6.1/bin/rake:23
  [1m[35m (0.4ms)[0m  [1m[35mCREATE TABLE "users" ("id" integer PRIMARY KEY AUTOINCREMENT NOT NULL, "name" varchar, "password_digest" varchar, "email" varchar, "phone_number" varchar, "admin" boolean DEFAULT 0, "created_at" datetime NOT NULL, "updated_at" datetime NOT NULL, "company_id" integer, CONSTRAINT "fk_rails_7682a3bdfe"
FOREIGN KEY ("company_id")
  REFERENCES "companies" ("id")
)[0m
  ↳ db/migrate/20190915005301_create_users.rb:3
  [1m[35m (0.1ms)[0m  [1m[35mCREATE  INDEX "index_users_on_company_id" ON "users" ("company_id")[0m
  ↳ db/migrate/20190915005301_create_users.rb:3
  [1m[36mActiveRecord::SchemaMigration Create (0.1ms)[0m  [1m[32mINSERT INTO "schema_migrations" ("version") VALUES (?)[0m  [["version", "20190915005301"]]
  ↳ /Users/davidstewart/.rvm/gems/ruby-2.6.1/bin/rake:23
  [1m[35m (0.8ms)[0m  [1m[36mcommit transaction[0m
  ↳ /Users/davidstewart/.rvm/gems/ruby-2.6.1/bin/rake:23
  [1m[36mActiveRecord::InternalMetadata Load (0.2ms)[0m  [1m[34mSELECT  "ar_internal_metadata".* FROM "ar_internal_metadata" WHERE "ar_internal_metadata"."key" = ? LIMIT ?[0m  [["key", "environment"], ["LIMIT", 1]]
  ↳ /Users/davidstewart/.rvm/gems/ruby-2.6.1/bin/rake:23
  [1m[35m (0.1ms)[0m  [1m[36mbegin transaction[0m
  ↳ /Users/davidstewart/.rvm/gems/ruby-2.6.1/bin/rake:23
  [1m[36mActiveRecord::InternalMetadata Create (0.3ms)[0m  [1m[32mINSERT INTO "ar_internal_metadata" ("key", "value", "created_at", "updated_at") VALUES (?, ?, ?, ?)[0m  [["key", "environment"], ["value", "development"], ["created_at", "2019-09-15 01:02:55.931095"], ["updated_at", "2019-09-15 01:02:55.931095"]]
  ↳ /Users/davidstewart/.rvm/gems/ruby-2.6.1/bin/rake:23
  [1m[35m (0.9ms)[0m  [1m[36mcommit transaction[0m
  ↳ /Users/davidstewart/.rvm/gems/ruby-2.6.1/bin/rake:23
  [1m[35m (0.1ms)[0m  [1m[34mSELECT "schema_migrations"."version" FROM "schema_migrations" ORDER BY "schema_migrations"."version" ASC[0m
  ↳ /Users/davidstewart/.rvm/gems/ruby-2.6.1/bin/rake:23
Started GET "/" for ::1 at 2019-09-14 19:03:09 -0600
  [1m[35m (0.1ms)[0m  [1m[34mSELECT "schema_migrations"."version" FROM "schema_migrations" ORDER BY "schema_migrations"."version" ASC[0m
  ↳ /Users/davidstewart/.rvm/gems/ruby-2.6.1/gems/activerecord-5.2.3/lib/active_record/log_subscriber.rb:98
Processing by SiteController#index as HTML
  Rendering site/index.html.erb within layouts/application
  Rendered site/index.html.erb within layouts/application (1.7ms)
Completed 200 OK in 711ms (Views: 705.4ms | ActiveRecord: 0.0ms)


Started GET "/" for ::1 at 2019-09-14 19:04:47 -0600
Processing by SiteController#index as HTML
  Rendering site/index.html.erb within layouts/application
  Rendered site/index.html.erb within layouts/application (0.3ms)
Completed 200 OK in 2631ms (Views: 2629.6ms | ActiveRecord: 0.0ms)


Started GET "/users/new" for ::1 at 2019-09-14 19:04:54 -0600
Processing by UsersController#new as HTML
  Rendering users/new.html.erb within layouts/application
  [1m[36mCompany Load (0.2ms)[0m  [1m[34mSELECT "companies".* FROM "companies"[0m
  ↳ app/views/users/new.html.erb:20
  Rendered users/new.html.erb within layouts/application (34.5ms)
Completed 200 OK in 112ms (Views: 91.2ms | ActiveRecord: 1.0ms)


Started GET "/companies/new" for ::1 at 2019-09-14 19:04:55 -0600
Processing by CompaniesController#new as HTML
  Rendering companies/new.html.erb within layouts/application
  Rendered companies/new.html.erb within layouts/application (2.6ms)
Completed 200 OK in 39ms (Views: 28.3ms | ActiveRecord: 0.4ms)


Started POST "/companies" for ::1 at 2019-09-14 19:05:10 -0600
Processing by CompaniesController#create as HTML
  Parameters: {"utf8"=>"✓", "authenticity_token"=>"f01kUMwlNqoeApLGULsw1IUFS5YTPm3dkiY16FZDQFJ9A7lvFpfXpOChBc6hrfeX4EETm85cRdjIFLdLB/6l0Q==", "company"=>{"name"=>"United Rentals - Denver", "address"=>"1231 Rental Way", "phone_number"=>"234 234 1231"}, "commit"=>"Create Company"}
  [1m[35m (0.1ms)[0m  [1m[36mbegin transaction[0m
  ↳ app/controllers/companies_controller.rb:9
  [1m[36mCompany Create (0.5ms)[0m  [1m[32mINSERT INTO "companies" ("name", "address", "phone_number", "created_at", "updated_at") VALUES (?, ?, ?, ?, ?)[0m  [["name", "United Rentals - Denver"], ["address", "1231 Rental Way"], ["phone_number", "234 234 1231"], ["created_at", "2019-09-15 01:05:10.258220"], ["updated_at", "2019-09-15 01:05:10.258220"]]
  ↳ app/controllers/companies_controller.rb:9
  [1m[35m (0.8ms)[0m  [1m[36mcommit transaction[0m
  ↳ app/controllers/companies_controller.rb:9
Redirected to http://localhost:3000/
Completed 302 Found in 4ms (ActiveRecord: 1.4ms)


Started GET "/" for ::1 at 2019-09-14 19:05:10 -0600
Processing by SiteController#index as HTML
  Rendering site/index.html.erb within layouts/application
  Rendered site/index.html.erb within layouts/application (0.3ms)
Completed 200 OK in 42ms (Views: 41.1ms | ActiveRecord: 0.0ms)


Started GET "/users/new" for ::1 at 2019-09-14 19:05:12 -0600
Processing by UsersController#new as HTML
  Rendering users/new.html.erb within layouts/application
  [1m[36mCompany Load (0.2ms)[0m  [1m[34mSELECT "companies".* FROM "companies"[0m
  ↳ app/views/users/new.html.erb:20
  Rendered users/new.html.erb within layouts/application (10.9ms)
Completed 200 OK in 80ms (Views: 77.4ms | ActiveRecord: 0.2ms)


Started POST "/users" for ::1 at 2019-09-14 19:05:28 -0600
Processing by UsersController#create as HTML
  Parameters: {"utf8"=>"✓", "authenticity_token"=>"Y1vRpKFkNhHoazhxL089gLbjoCbWaWQAeGbsbrlHI4ond0BBL0YYoLU0g8jd2hgVazftz7gGiW+4p3Y5HA6bgg==", "user"=>{"name"=>"David Stewart", "phone_number"=>"234 234 2341", "email"=>"david@david.com", "password"=>"[FILTERED]", "password_confirmation"=>"[FILTERED]", "company_id"=>"1"}, "commit"=>"Create User"}
  [1m[36mCompany Load (0.2ms)[0m  [1m[34mSELECT  "companies".* FROM "companies" WHERE "companies"."id" = ? LIMIT ?[0m  [["id", 1], ["LIMIT", 1]]
  ↳ app/controllers/users_controller.rb:8
  [1m[35m (0.1ms)[0m  [1m[36mbegin transaction[0m
  ↳ app/controllers/users_controller.rb:10
  [1m[36mUser Create (0.4ms)[0m  [1m[32mINSERT INTO "users" ("name", "password_digest", "email", "phone_number", "created_at", "updated_at", "company_id") VALUES (?, ?, ?, ?, ?, ?, ?)[0m  [["name", "David Stewart"], ["password_digest", "$2a$12$CVM5iCrHgOGIJWK7hh7Gru34kbr.ZggmFOwmlxuCwTPgrgUR4Xmg2"], ["email", "david@david.com"], ["phone_number", "234 234 2341"], ["created_at", "2019-09-15 01:05:28.362246"], ["updated_at", "2019-09-15 01:05:28.362246"], ["company_id", 1]]
  ↳ app/controllers/users_controller.rb:10
  [1m[35m (0.8ms)[0m  [1m[36mcommit transaction[0m
  ↳ app/controllers/users_controller.rb:10
  [1m[36mUser Load (0.1ms)[0m  [1m[34mSELECT  "users".* FROM "users" WHERE "users"."id" = ? LIMIT ?[0m  [["id", 1], ["LIMIT", 1]]
  ↳ app/controllers/application_controller.rb:10
Redirected to http://localhost:3000/users/1
Completed 302 Found in 251ms (ActiveRecord: 1.6ms)


Started GET "/users/1" for ::1 at 2019-09-14 19:05:28 -0600
Processing by UsersController#show as HTML
  Parameters: {"id"=>"1"}
  [1m[36mUser Load (0.1ms)[0m  [1m[34mSELECT  "users".* FROM "users" WHERE "users"."id" = ? LIMIT ?[0m  [["id", 1], ["LIMIT", 1]]
  ↳ app/controllers/users_controller.rb:17
  Rendering users/show.html.erb within layouts/application
  [1m[36mCompany Load (0.1ms)[0m  [1m[34mSELECT  "companies".* FROM "companies" WHERE "companies"."id" = ? LIMIT ?[0m  [["id", 1], ["LIMIT", 1]]
  ↳ app/views/users/show.html.erb:2
  Rendered users/show.html.erb within layouts/application (5.0ms)
  [1m[36mUser Load (0.1ms)[0m  [1m[34mSELECT  "users".* FROM "users" WHERE "users"."id" = ? LIMIT ?[0m  [["id", 1], ["LIMIT", 1]]
  ↳ app/controllers/application_controller.rb:10
Completed 500 Internal Server Error in 318ms (ActiveRecord: 0.3ms)


  
ActionView::Template::Error (undefined local variable or method `current_company' for #<#<Class:0x00007f95ac112238>:0x00007f95abaec3e0>
Did you mean?  current_page?):
    20: 
    21:         
    22:          <% if logged_in? %>
    23:            <%=link_to(current_company.name, root_url, method: :get, class: "navbar-brand")%>
    24:            <% elsif !logged_in? %>
    25:            <a class="navbar-brand" href="<%= root_url %>"/>Home</a>
    26:        <% end %>
  
app/views/layouts/application.html.erb:23:in `_app_views_layouts_application_html_erb__3064728288801591166_70140413795680'
Started GET "/users/1" for ::1 at 2019-09-14 19:06:32 -0600
Processing by UsersController#show as HTML
  Parameters: {"id"=>"1"}
  [1m[36mUser Load (0.1ms)[0m  [1m[34mSELECT  "users".* FROM "users" WHERE "users"."id" = ? LIMIT ?[0m  [["id", 1], ["LIMIT", 1]]
  ↳ app/controllers/users_controller.rb:17
  Rendering users/show.html.erb within layouts/application
  [1m[36mCompany Load (0.1ms)[0m  [1m[34mSELECT  "companies".* FROM "companies" WHERE "companies"."id" = ? LIMIT ?[0m  [["id", 1], ["LIMIT", 1]]
  ↳ app/views/users/show.html.erb:2
  Rendered users/show.html.erb within layouts/application (10.5ms)
  [1m[36mUser Load (0.1ms)[0m  [1m[34mSELECT  "users".* FROM "users" WHERE "users"."id" = ? LIMIT ?[0m  [["id", 1], ["LIMIT", 1]]
  ↳ app/controllers/application_controller.rb:10
  [1m[36mCACHE User Load (0.0ms)[0m  [1m[34mSELECT  "users".* FROM "users" WHERE "users"."id" = ? LIMIT ?[0m  [["id", 1], ["LIMIT", 1]]
  ↳ app/controllers/application_controller.rb:10
  [1m[36mCACHE Company Load (0.0ms)[0m  [1m[34mSELECT  "companies".* FROM "companies" WHERE "companies"."id" = ? LIMIT ?[0m  [["id", 1], ["LIMIT", 1]]
  ↳ app/helpers/companies_helper.rb:3
  [1m[36mCACHE User Load (0.0ms)[0m  [1m[34mSELECT  "users".* FROM "users" WHERE "users"."id" = ? LIMIT ?[0m  [["id", 1], ["LIMIT", 1]]
  ↳ app/controllers/application_controller.rb:10
Completed 200 OK in 50ms (Views: 37.6ms | ActiveRecord: 1.5ms)


Started GET "/equipment/new" for ::1 at 2019-09-14 19:06:38 -0600
Processing by EquipmentController#new as HTML
  Rendering equipment/new.html.erb within layouts/application
  Rendered equipment/new.html.erb within layouts/application (278.5ms)
Completed 500 Internal Server Error in 296ms (ActiveRecord: 0.6ms)


  
ActionView::Template::Error (undefined local variable or method `company_projects' for #<#<Class:0x00007f95aadd1b60>:0x00007f95a4447f78>
Did you mean?  company_path):
    17:   <%= u.text_field :rental_rate_day%>
    18:   <br>
    19:   <%= u.label "Please select the project the equipment is assigned to"%>
    20:   <%= u.collection_select :project_id, company_projects, :id, :name %>
    21:   <br>
    22:   <%= u.hidden_field :company_id, value: current_user.company.id%>
    23: 
  
app/views/equipment/new.html.erb:20:in `block in _app_views_equipment_new_html_erb___803544832376832936_70140396736880'
app/views/equipment/new.html.erb:3:in `_app_views_equipment_new_html_erb___803544832376832936_70140396736880'
Started GET "/users/1" for ::1 at 2019-09-14 19:06:44 -0600
Processing by UsersController#show as HTML
  Parameters: {"id"=>"1"}
  [1m[36mUser Load (0.2ms)[0m  [1m[34mSELECT  "users".* FROM "users" WHERE "users"."id" = ? LIMIT ?[0m  [["id", 1], ["LIMIT", 1]]
  ↳ app/controllers/users_controller.rb:17
  Rendering users/show.html.erb within layouts/application
  [1m[36mCompany Load (0.1ms)[0m  [1m[34mSELECT  "companies".* FROM "companies" WHERE "companies"."id" = ? LIMIT ?[0m  [["id", 1], ["LIMIT", 1]]
  ↳ app/views/users/show.html.erb:2
  Rendered users/show.html.erb within layouts/application (1.4ms)
  [1m[36mUser Load (0.1ms)[0m  [1m[34mSELECT  "users".* FROM "users" WHERE "users"."id" = ? LIMIT ?[0m  [["id", 1], ["LIMIT", 1]]
  ↳ app/controllers/application_controller.rb:10
  [1m[36mCACHE User Load (0.0ms)[0m  [1m[34mSELECT  "users".* FROM "users" WHERE "users"."id" = ? LIMIT ?[0m  [["id", 1], ["LIMIT", 1]]
  ↳ app/controllers/application_controller.rb:10
  [1m[36mCACHE Company Load (0.0ms)[0m  [1m[34mSELECT  "companies".* FROM "companies" WHERE "companies"."id" = ? LIMIT ?[0m  [["id", 1], ["LIMIT", 1]]
  ↳ app/helpers/companies_helper.rb:3
  [1m[36mCACHE User Load (0.0ms)[0m  [1m[34mSELECT  "users".* FROM "users" WHERE "users"."id" = ? LIMIT ?[0m  [["id", 1], ["LIMIT", 1]]
  ↳ app/controllers/application_controller.rb:10
Completed 200 OK in 34ms (Views: 32.0ms | ActiveRecord: 0.4ms)


Started GET "/customers" for ::1 at 2019-09-14 19:06:56 -0600
Processing by CustomersController#index as HTML
  Rendering customers/index.html.erb within layouts/application
  Rendered customers/index.html.erb within layouts/application (0.2ms)
  [1m[36mUser Load (0.1ms)[0m  [1m[34mSELECT  "users".* FROM "users" WHERE "users"."id" = ? LIMIT ?[0m  [["id", 1], ["LIMIT", 1]]
  ↳ app/controllers/application_controller.rb:10
  [1m[36mCACHE User Load (0.0ms)[0m  [1m[34mSELECT  "users".* FROM "users" WHERE "users"."id" = ? LIMIT ?[0m  [["id", 1], ["LIMIT", 1]]
  ↳ app/controllers/application_controller.rb:10
  [1m[36mCompany Load (0.1ms)[0m  [1m[34mSELECT  "companies".* FROM "companies" WHERE "companies"."id" = ? LIMIT ?[0m  [["id", 1], ["LIMIT", 1]]
  ↳ app/helpers/companies_helper.rb:3
  [1m[36mCACHE User Load (0.0ms)[0m  [1m[34mSELECT  "users".* FROM "users" WHERE "users"."id" = ? LIMIT ?[0m  [["id", 1], ["LIMIT", 1]]
  ↳ app/controllers/application_controller.rb:10
Completed 200 OK in 32ms (Views: 31.0ms | ActiveRecord: 0.2ms)


